app/build/outputs/logs/manifest-merger-debug-report.txt
-- Merging decision tree log ---
manifest
ADDED from src\main\AndroidManifest.xml:2:1-27:12
	package
		ADDED from src\main\AndroidManifest.xml:4:3-43
		INJECTED from src\main\AndroidManifest.xml
		INJECTED from src\main\AndroidManifest.xml
	android:versionName
		ADDED from src\main\AndroidManifest.xml:6:3-28
		INJECTED from src\main\AndroidManifest.xml
		INJECTED from src\main\AndroidManifest.xml
	android:versionCode
		ADDED from src\main\AndroidManifest.xml:5:3-26
		INJECTED from src\main\AndroidManifest.xml
		INJECTED from src\main\AndroidManifest.xml
	xmlns:android
		ADDED from src\main\AndroidManifest.xml:3:3-61
uses-sdk
ADDED from src\main\AndroidManifest.xml:8:5-73
	android:targetSdkVersion
		ADDED from src\main\AndroidManifest.xml:8:15-44
		INJECTED from src\main\AndroidManifest.xml
		INJECTED from src\main\AndroidManifest.xml
	android:minSdkVersion
		ADDED from src\main\AndroidManifest.xml:8:45-71
		INJECTED from src\main\AndroidManifest.xml
		INJECTED from src\main\AndroidManifest.xml
uses-permission#android.permission.WRITE_EXTERNAL_STORAGE
ADDED from src\main\AndroidManifest.xml:9:5-81
	android:name
		ADDED from src\main\AndroidManifest.xml:9:22-78
application
ADDED from src\main\AndroidManifest.xml:11:3-26:17
	android:label
		ADDED from src\main\AndroidManifest.xml:11:16-48
	android:icon
		ADDED from src\main\AndroidManifest.xml:11:49-85
	android:largeHeap
		ADDED from src\main\AndroidManifest.xml:11:86-110
activity#com.ingenieur.andyelderscrolls.ElderScrollsActivity
ADDED from src\main\AndroidManifest.xml:12:7-17:18
	android:label
		ADDED from src\main\AndroidManifest.xml:12:84-116
	android:name
		ADDED from src\main\AndroidManifest.xml:12:17-83
intent-filter#android.intent.action.MAIN+android.intent.category.LAUNCHER
ADDED from src\main\AndroidManifest.xml:13:11-16:27
action#android.intent.action.MAIN
ADDED from src\main\AndroidManifest.xml:14:15-67
	android:name
		ADDED from src\main\AndroidManifest.xml:14:23-64
category#android.intent.category.LAUNCHER
ADDED from src\main\AndroidManifest.xml:15:15-75
	android:name
		ADDED from src\main\AndroidManifest.xml:15:25-72
activity#com.ingenieur.andyelderscrolls.nifdisplay.NifDisplayActivity
ADDED from src\main\AndroidManifest.xml:18:7-24:18
	android:label
		ADDED from src\main\AndroidManifest.xml:19:87-119
	android:parentActivityName
		ADDED from src\main\AndroidManifest.xml:20:11-91
	android:name
		ADDED from src\main\AndroidManifest.xml:19:11-86
meta-data#android.support.PARENT_ACTIVITY
ADDED from src\main\AndroidManifest.xml:21:11-23:85
	android:value
		ADDED from src\main\AndroidManifest.xml:23:15-82
	android:name
		ADDED from src\main\AndroidManifest.xml:22:15-61